<?xml version="1.0" encoding="UTF-8"?>
<coverage generated="1778536820405" clover="3.2.0">
  <project timestamp="1778536820406" name="All files">
    <metrics statements="47" coveredstatements="46" conditionals="23" coveredconditionals="20" methods="15" coveredmethods="14" elements="85" coveredelements="80" complexity="0" loc="47" ncloc="47" packages="5" files="5" classes="5"/>
    <package name="src">
      <metrics statements="35" coveredstatements="34" conditionals="19" coveredconditionals="16" methods="7" coveredmethods="6"/>
      <file name="App.tsx" path="C:\Users\andri\OneDrive\Робочий стіл\RS school\RSProject\rs-react-app\src\App.tsx">
        <metrics statements="35" coveredstatements="34" conditionals="19" coveredconditionals="16" methods="7" coveredmethods="6"/>
        <line num="22" count="5" type="stmt"/>
        <line num="31" count="5" type="stmt"/>
        <line num="32" count="5" type="stmt"/>
        <line num="34" count="5" type="stmt"/>
        <line num="39" count="6" type="stmt"/>
        <line num="40" count="6" type="stmt"/>
        <line num="42" count="6" type="stmt"/>
        <line num="47" count="6" type="stmt"/>
        <line num="48" count="6" type="stmt"/>
        <line num="50" count="6" type="stmt"/>
        <line num="51" count="6" type="stmt"/>
        <line num="53" count="6" type="cond" truecount="2" falsecount="0"/>
        <line num="54" count="2" type="stmt"/>
        <line num="57" count="6" type="stmt"/>
        <line num="65" count="5" type="cond" truecount="2" falsecount="0"/>
        <line num="66" count="1" type="stmt"/>
        <line num="69" count="4" type="stmt"/>
        <line num="71" count="4" type="stmt"/>
        <line num="72" count="1" type="stmt"/>
        <line num="81" count="4" type="stmt"/>
        <line num="86" count="1" type="stmt"/>
        <line num="94" count="1" type="stmt"/>
        <line num="95" count="1" type="stmt"/>
        <line num="97" count="1" type="cond" truecount="1" falsecount="1"/>
        <line num="99" count="1" type="stmt"/>
        <line num="104" count="1" type="stmt"/>
        <line num="106" count="1" type="stmt"/>
        <line num="110" count="5" type="cond" truecount="2" falsecount="0"/>
        <line num="111" count="5" type="stmt"/>
        <line num="113" count="5" type="stmt"/>
        <line num="118" count="5" type="stmt"/>
        <line num="123" count="20" type="stmt"/>
        <line num="125" count="20" type="cond" truecount="1" falsecount="1"/>
        <line num="127" count="20" type="stmt"/>
        <line num="141" count="0" type="stmt"/>
      </file>
    </package>
    <package name="src.components.error-boundary">
      <metrics statements="6" coveredstatements="6" conditionals="2" coveredconditionals="2" methods="3" coveredmethods="3"/>
      <file name="error-boundary.tsx" path="C:\Users\andri\OneDrive\Робочий стіл\RS school\RSProject\rs-react-app\src\components\error-boundary\error-boundary.tsx">
        <metrics statements="6" coveredstatements="6" conditionals="2" coveredconditionals="2" methods="3" coveredmethods="3"/>
        <line num="16" count="3" type="stmt"/>
        <line num="21" count="2" type="stmt"/>
        <line num="27" count="1" type="stmt"/>
        <line num="31" count="5" type="cond" truecount="2" falsecount="0"/>
        <line num="32" count="2" type="stmt"/>
        <line num="40" count="3" type="stmt"/>
      </file>
    </package>
    <package name="src.components.error-button">
      <metrics statements="1" coveredstatements="1" conditionals="0" coveredconditionals="0" methods="1" coveredmethods="1"/>
      <file name="error-button.tsx" path="C:\Users\andri\OneDrive\Робочий стіл\RS school\RSProject\rs-react-app\src\components\error-button\error-button.tsx">
        <metrics statements="1" coveredstatements="1" conditionals="0" coveredconditionals="0" methods="1" coveredmethods="1"/>
        <line num="10" count="17" type="stmt"/>
      </file>
    </package>
    <package name="src.components.result-section">
      <metrics statements="2" coveredstatements="2" conditionals="2" coveredconditionals="2" methods="2" coveredmethods="2"/>
      <file name="result-section.tsx" path="C:\Users\andri\OneDrive\Робочий стіл\RS school\RSProject\rs-react-app\src\components\result-section\result-section.tsx">
        <metrics statements="2" coveredstatements="2" conditionals="2" coveredconditionals="2" methods="2" coveredmethods="2"/>
        <line num="18" count="15" type="stmt"/>
        <line num="24" count="2" type="stmt"/>
      </file>
    </package>
    <package name="src.components.search-panel">
      <metrics statements="3" coveredstatements="3" conditionals="0" coveredconditionals="0" methods="2" coveredmethods="2"/>
      <file name="search-panel.tsx" path="C:\Users\andri\OneDrive\Робочий стіл\RS school\RSProject\rs-react-app\src\components\search-panel\search-panel.tsx">
        <metrics statements="3" coveredstatements="3" conditionals="0" coveredconditionals="0" methods="2" coveredmethods="2"/>
        <line num="12" count="24" type="stmt"/>
        <line num="16" count="2" type="stmt"/>
        <line num="17" count="2" type="stmt"/>
      </file>
    </package>
  </project>
</coverage>
