{"C:\\Users\\andri\\OneDrive\\Робочий стіл\\RS school\\RSProject\\rs-react-app\\src\\App.tsx": {"path":"C:\\Users\\andri\\OneDrive\\Робочий стіл\\RS school\\RSProject\\rs-react-app\\src\\App.tsx","statementMap":{"0":{"start":{"line":22,"column":20},"end":{"line":29,"column":null}},"1":{"start":{"line":31,"column":2},"end":{"line":36,"column":null}},"2":{"start":{"line":39,"column":16},"end":{"line":90,"column":null}},"3":{"start":{"line":94,"column":2},"end":{"line":106,"column":null}},"4":{"start":{"line":32,"column":26},"end":{"line":32,"column":null}},"5":{"start":{"line":34,"column":4},"end":{"line":36,"column":null}},"6":{"start":{"line":40,"column":33},"end":{"line":40,"column":64}},"7":{"start":{"line":42,"column":4},"end":{"line":45,"column":null}},"8":{"start":{"line":47,"column":4},"end":{"line":90,"column":null}},"9":{"start":{"line":48,"column":21},"end":{"line":48,"column":42}},"10":{"start":{"line":50,"column":6},"end":{"line":50,"column":null}},"11":{"start":{"line":51,"column":6},"end":{"line":51,"column":null}},"12":{"start":{"line":53,"column":6},"end":{"line":54,"column":null}},"13":{"start":{"line":54,"column":8},"end":{"line":54,"column":null}},"14":{"start":{"line":57,"column":23},"end":{"line":63,"column":8}},"15":{"start":{"line":65,"column":6},"end":{"line":66,"column":null}},"16":{"start":{"line":66,"column":8},"end":{"line":66,"column":null}},"17":{"start":{"line":69,"column":19},"end":{"line":69,"column":40}},"18":{"start":{"line":71,"column":36},"end":{"line":78,"column":null}},"19":{"start":{"line":72,"column":78},"end":{"line":78,"column":null}},"20":{"start":{"line":81,"column":6},"end":{"line":84,"column":null}},"21":{"start":{"line":86,"column":6},"end":{"line":90,"column":null}},"22":{"start":{"line":95,"column":33},"end":{"line":95,"column":75}},"23":{"start":{"line":97,"column":4},"end":{"line":97,"column":null}},"24":{"start":{"line":97,"column":69},"end":{"line":97,"column":null}},"25":{"start":{"line":99,"column":4},"end":{"line":102,"column":null}},"26":{"start":{"line":104,"column":4},"end":{"line":104,"column":null}},"27":{"start":{"line":106,"column":4},"end":{"line":106,"column":null}},"28":{"start":{"line":110,"column":28},"end":{"line":110,"column":null}},"29":{"start":{"line":111,"column":33},"end":{"line":111,"column":69}},"30":{"start":{"line":113,"column":4},"end":{"line":116,"column":null}},"31":{"start":{"line":118,"column":4},"end":{"line":118,"column":null}},"32":{"start":{"line":123,"column":6},"end":{"line":123,"column":null}},"33":{"start":{"line":125,"column":4},"end":{"line":125,"column":null}},"34":{"start":{"line":125,"column":26},"end":{"line":125,"column":null}},"35":{"start":{"line":127,"column":4},"end":{"line":145,"column":null}},"36":{"start":{"line":141,"column":31},"end":{"line":141,"column":72}}},"fnMap":{"0":{"name":"(anonymous_0)","decl":{"start":{"line":31,"column":2},"end":{"line":31,"column":27}},"loc":{"start":{"line":31,"column":68},"end":{"line":36,"column":null}},"line":31},"1":{"name":"(anonymous_1)","decl":{"start":{"line":39,"column":16},"end":{"line":39,"column":23}},"loc":{"start":{"line":39,"column":61},"end":{"line":90,"column":null}},"line":39},"2":{"name":"(anonymous_2)","decl":{"start":{"line":71,"column":47},"end":{"line":71,"column":null}},"loc":{"start":{"line":72,"column":78},"end":{"line":78,"column":null}},"line":72},"3":{"name":"(anonymous_3)","decl":{"start":{"line":94,"column":2},"end":{"line":94,"column":29}},"loc":{"start":{"line":94,"column":29},"end":{"line":106,"column":null}},"line":94},"4":{"name":"(anonymous_4)","decl":{"start":{"line":109,"column":2},"end":{"line":109,"column":28}},"loc":{"start":{"line":109,"column":28},"end":{"line":118,"column":null}},"line":109},"5":{"name":"(anonymous_5)","decl":{"start":{"line":121,"column":2},"end":{"line":121,"column":22}},"loc":{"start":{"line":121,"column":22},"end":{"line":145,"column":null}},"line":121},"6":{"name":"(anonymous_6)","decl":{"start":{"line":141,"column":12},"end":{"line":141,"column":31}},"loc":{"start":{"line":141,"column":31},"end":{"line":141,"column":72}},"line":141}},"branchMap":{"0":{"loc":{"start":{"line":53,"column":6},"end":{"line":54,"column":null}},"type":"if","locations":[{"start":{"line":53,"column":6},"end":{"line":54,"column":null}},{"start":{},"end":{}}],"line":53},"1":{"loc":{"start":{"line":65,"column":6},"end":{"line":66,"column":null}},"type":"if","locations":[{"start":{"line":65,"column":6},"end":{"line":66,"column":null}},{"start":{},"end":{}}],"line":65},"2":{"loc":{"start":{"line":75,"column":23},"end":{"line":77,"column":null}},"type":"cond-expr","locations":[{"start":{"line":76,"column":14},"end":{"line":76,"column":null}},{"start":{"line":77,"column":14},"end":{"line":77,"column":null}}],"line":75},"3":{"loc":{"start":{"line":97,"column":4},"end":{"line":97,"column":null}},"type":"if","locations":[{"start":{"line":97,"column":4},"end":{"line":97,"column":null}},{"start":{},"end":{}}],"line":97},"4":{"loc":{"start":{"line":110,"column":28},"end":{"line":110,"column":null}},"type":"binary-expr","locations":[{"start":{"line":110,"column":28},"end":{"line":110,"column":62}},{"start":{"line":110,"column":66},"end":{"line":110,"column":null}}],"line":110},"5":{"loc":{"start":{"line":125,"column":4},"end":{"line":125,"column":null}},"type":"if","locations":[{"start":{"line":125,"column":4},"end":{"line":125,"column":null}},{"start":{},"end":{}}],"line":125},"6":{"loc":{"start":{"line":135,"column":9},"end":{"line":135,"column":null}},"type":"binary-expr","locations":[{"start":{"line":135,"column":9},"end":{"line":135,"column":22}},{"start":{"line":135,"column":22},"end":{"line":135,"column":null}}],"line":135},"7":{"loc":{"start":{"line":137,"column":9},"end":{"line":137,"column":null}},"type":"binary-expr","locations":[{"start":{"line":137,"column":9},"end":{"line":137,"column":18}},{"start":{"line":137,"column":18},"end":{"line":137,"column":null}}],"line":137},"8":{"loc":{"start":{"line":139,"column":9},"end":{"line":143,"column":null}},"type":"binary-expr","locations":[{"start":{"line":139,"column":9},"end":{"line":139,"column":23}},{"start":{"line":139,"column":23},"end":{"line":139,"column":null}},{"start":{"line":140,"column":10},"end":{"line":143,"column":null}}],"line":139}},"s":{"0":2,"1":0,"2":2,"3":0,"4":0,"5":0,"6":2,"7":2,"8":2,"9":2,"10":2,"11":2,"12":2,"13":0,"14":2,"15":1,"16":0,"17":1,"18":1,"19":1,"20":1,"21":0,"22":0,"23":0,"24":0,"25":0,"26":0,"27":0,"28":2,"29":2,"30":2,"31":2,"32":5,"33":5,"34":0,"35":5,"36":0},"f":{"0":0,"1":2,"2":1,"3":0,"4":2,"5":5,"6":0},"b":{"0":[0,2],"1":[0,1],"2":[1,0],"3":[0,0],"4":[2,2],"5":[0,5],"6":[5,2],"7":[5,0],"8":[5,3,3]},"meta":{"lastBranch":9,"lastFunction":7,"lastStatement":37,"seen":{"s:22:20:29:Infinity":0,"s:31:2:36:Infinity":1,"s:39:16:90:Infinity":2,"s:94:2:106:Infinity":3,"f:31:2:31:27":0,"s:32:26:32:Infinity":4,"s:34:4:36:Infinity":5,"f:39:16:39:23":1,"s:40:33:40:64":6,"s:42:4:45:Infinity":7,"s:47:4:90:Infinity":8,"s:48:21:48:42":9,"s:50:6:50:Infinity":10,"s:51:6:51:Infinity":11,"b:53:6:54:Infinity:undefined:undefined:undefined:undefined":0,"s:53:6:54:Infinity":12,"s:54:8:54:Infinity":13,"s:57:23:63:8":14,"b:65:6:66:Infinity:undefined:undefined:undefined:undefined":1,"s:65:6:66:Infinity":15,"s:66:8:66:Infinity":16,"s:69:19:69:40":17,"s:71:36:78:Infinity":18,"f:71:47:71:Infinity":2,"s:72:78:78:Infinity":19,"b:76:14:76:Infinity:77:14:77:Infinity":2,"s:81:6:84:Infinity":20,"s:86:6:90:Infinity":21,"f:94:2:94:29":3,"s:95:33:95:75":22,"b:97:4:97:Infinity:undefined:undefined:undefined:undefined":3,"s:97:4:97:Infinity":23,"s:97:69:97:Infinity":24,"s:99:4:102:Infinity":25,"s:104:4:104:Infinity":26,"s:106:4:106:Infinity":27,"f:109:2:109:28":4,"s:110:28:110:Infinity":28,"b:110:28:110:62:110:66:110:Infinity":4,"s:111:33:111:69":29,"s:113:4:116:Infinity":30,"s:118:4:118:Infinity":31,"f:121:2:121:22":5,"s:123:6:123:Infinity":32,"b:125:4:125:Infinity:undefined:undefined:undefined:undefined":5,"s:125:4:125:Infinity":33,"s:125:26:125:Infinity":34,"s:127:4:145:Infinity":35,"b:135:9:135:22:135:22:135:Infinity":6,"b:137:9:137:18:137:18:137:Infinity":7,"b:139:9:139:23:139:23:139:Infinity:140:10:143:Infinity":8,"f:141:12:141:31":6,"s:141:31:141:72":36}}}
,"C:\\Users\\andri\\OneDrive\\Робочий стіл\\RS school\\RSProject\\rs-react-app\\src\\components\\error-boundary\\error-boundary.tsx": {"path":"C:\\Users\\andri\\OneDrive\\Робочий стіл\\RS school\\RSProject\\rs-react-app\\src\\components\\error-boundary\\error-boundary.tsx","statementMap":{"0":{"start":{"line":16,"column":30},"end":{"line":17,"column":null}},"1":{"start":{"line":21,"column":4},"end":{"line":23,"column":null}},"2":{"start":{"line":27,"column":4},"end":{"line":27,"column":null}},"3":{"start":{"line":31,"column":4},"end":{"line":35,"column":null}},"4":{"start":{"line":32,"column":6},"end":{"line":35,"column":null}},"5":{"start":{"line":40,"column":4},"end":{"line":40,"column":null}}},"fnMap":{"0":{"name":"(anonymous_0)","decl":{"start":{"line":20,"column":9},"end":{"line":20,"column":56}},"loc":{"start":{"line":20,"column":56},"end":{"line":23,"column":null}},"line":20},"1":{"name":"(anonymous_1)","decl":{"start":{"line":26,"column":2},"end":{"line":26,"column":20}},"loc":{"start":{"line":26,"column":62},"end":{"line":27,"column":null}},"line":26},"2":{"name":"(anonymous_2)","decl":{"start":{"line":30,"column":2},"end":{"line":30,"column":22}},"loc":{"start":{"line":30,"column":22},"end":{"line":40,"column":null}},"line":30}},"branchMap":{"0":{"loc":{"start":{"line":31,"column":4},"end":{"line":35,"column":null}},"type":"if","locations":[{"start":{"line":31,"column":4},"end":{"line":35,"column":null}},{"start":{},"end":{}}],"line":31}},"s":{"0":0,"1":0,"2":0,"3":0,"4":0,"5":0},"f":{"0":0,"1":0,"2":0},"b":{"0":[0,0]},"meta":{"lastBranch":1,"lastFunction":3,"lastStatement":6,"seen":{"s:16:30:17:Infinity":0,"f:20:9:20:56":0,"s:21:4:23:Infinity":1,"f:26:2:26:20":1,"s:27:4:27:Infinity":2,"f:30:2:30:22":2,"b:31:4:35:Infinity:undefined:undefined:undefined:undefined":0,"s:31:4:35:Infinity":3,"s:32:6:35:Infinity":4,"s:40:4:40:Infinity":5}}}
,"C:\\Users\\andri\\OneDrive\\Робочий стіл\\RS school\\RSProject\\rs-react-app\\src\\components\\error-button\\error-button.tsx": {"path":"C:\\Users\\andri\\OneDrive\\Робочий стіл\\RS school\\RSProject\\rs-react-app\\src\\components\\error-button\\error-button.tsx","statementMap":{"0":{"start":{"line":10,"column":4},"end":{"line":18,"column":null}}},"fnMap":{"0":{"name":"(anonymous_0)","decl":{"start":{"line":9,"column":2},"end":{"line":9,"column":22}},"loc":{"start":{"line":9,"column":22},"end":{"line":18,"column":null}},"line":9}},"branchMap":{},"s":{"0":7},"f":{"0":7},"b":{},"meta":{"lastBranch":0,"lastFunction":1,"lastStatement":1,"seen":{"f:9:2:9:22":0,"s:10:4:18:Infinity":0}}}
,"C:\\Users\\andri\\OneDrive\\Робочий стіл\\RS school\\RSProject\\rs-react-app\\src\\components\\result-section\\result-section.tsx": {"path":"C:\\Users\\andri\\OneDrive\\Робочий стіл\\RS school\\RSProject\\rs-react-app\\src\\components\\result-section\\result-section.tsx","statementMap":{"0":{"start":{"line":18,"column":4},"end":{"line":34,"column":null}},"1":{"start":{"line":24,"column":12},"end":{"line":30,"column":null}}},"fnMap":{"0":{"name":"(anonymous_0)","decl":{"start":{"line":17,"column":2},"end":{"line":17,"column":22}},"loc":{"start":{"line":17,"column":22},"end":{"line":34,"column":null}},"line":17},"1":{"name":"(anonymous_1)","decl":{"start":{"line":23,"column":29},"end":{"line":23,"column":34}},"loc":{"start":{"line":24,"column":12},"end":{"line":30,"column":null}},"line":24}},"branchMap":{"0":{"loc":{"start":{"line":20,"column":9},"end":{"line":30,"column":null}},"type":"cond-expr","locations":[{"start":{"line":21,"column":10},"end":{"line":23,"column":15}},{"start":{"line":23,"column":10},"end":{"line":30,"column":null}}],"line":20}},"s":{"0":5,"1":2},"f":{"0":5,"1":2},"b":{"0":[3,2]},"meta":{"lastBranch":1,"lastFunction":2,"lastStatement":2,"seen":{"f:17:2:17:22":0,"s:18:4:34:Infinity":0,"b:21:10:23:15:23:10:30:Infinity":0,"f:23:29:23:34":1,"s:24:12:30:Infinity":1}}}
,"C:\\Users\\andri\\OneDrive\\Робочий стіл\\RS school\\RSProject\\rs-react-app\\src\\components\\search-panel\\search-panel.tsx": {"path":"C:\\Users\\andri\\OneDrive\\Робочий стіл\\RS school\\RSProject\\rs-react-app\\src\\components\\search-panel\\search-panel.tsx","statementMap":{"0":{"start":{"line":12,"column":4},"end":{"line":30,"column":null}},"1":{"start":{"line":16,"column":10},"end":{"line":16,"column":null}},"2":{"start":{"line":17,"column":10},"end":{"line":17,"column":null}}},"fnMap":{"0":{"name":"(anonymous_0)","decl":{"start":{"line":11,"column":2},"end":{"line":11,"column":22}},"loc":{"start":{"line":11,"column":22},"end":{"line":30,"column":null}},"line":11},"1":{"name":"(anonymous_1)","decl":{"start":{"line":15,"column":8},"end":{"line":15,"column":19}},"loc":{"start":{"line":15,"column":29},"end":{"line":17,"column":null}},"line":15}},"branchMap":{},"s":{"0":9,"1":1,"2":1},"f":{"0":9,"1":1},"b":{},"meta":{"lastBranch":0,"lastFunction":2,"lastStatement":3,"seen":{"f:11:2:11:22":0,"s:12:4:30:Infinity":0,"f:15:8:15:19":1,"s:16:10:16:Infinity":1,"s:17:10:17:Infinity":2}}}
}
